Found file /home/cyber23_25/.xsession-errors of size: 24733
Found file /home/cyber23_25/.node_repl_history of size: 4
Found file /home/cyber23_25/.bashrc of size: 3968
Found file /home/cyber23_25/.sqlite_history of size: 638
Found file /home/cyber23_25/.Xauthority of size: 153
Found file /home/cyber23_25/.packettracer of size: 64
Found file /home/cyber23_25/.bash_logout of size: 220
Found file /home/cyber23_25/.lesshst of size: 20
Found file /home/cyber23_25/.xsession-errors of size: 24733
Found file /home/cyber23_25/.gitconfig of size: 70
Found file /home/cyber23_25/.node_repl_history of size: 4
Found file /home/cyber23_25/.sudo_as_admin_successful of size: 0
Found file /home/cyber23_25/.bashrc of size: 3968
Found file /home/cyber23_25/Esame Progettazione 1.pdf of size: 135714
Found file /home/cyber23_25/.sqlite_history of size: 638
Found file /home/cyber23_25/.mysql_history of size: 1007
Found file /home/cyber23_25/.viminfo of size: 1029
Found file /home/cyber23_25/.profile of size: 807
Found file /home/cyber23_25/.bash_history of size: 33392
Found file /home/cyber23_25/.gnupg/trustdb.gpg of size: 1200
Found file /home/cyber23_25/.gnupg/pubring.kbx of size: 32
Found file /home/cyber23_25/Immagini/Schermate/Schermata del 2025-01-21 17-47-28.png of size: 59199
Found file /home/cyber23_25/Immagini/Schermate/Schermata del 2025-01-21 17-22-59.png of size: 54330
Found file /home/cyber23_25/Immagini/Schermate/Schermata del 2025-01-21 17-24-41.png of size: 61375
Found file /home/cyber23_25/Immagini/Schermate/Schermata del 2025-01-21 16-27-43.png of size: 55266
Found file /home/cyber23_25/Immagini/Schermate/Schermata del 2025-01-21 15-57-57.png of size: 53190
Found file /home/cyber23_25/pt/nets of size: 270
Found file /home/cyber23_25/pt/PT.conf.autosave of size: 75
Found file /home/cyber23_25/pt/PT-D899D135.conf of size: 13561
Found file /home/cyber23_25/pt/PT.conf of size: 13575
Found file /home/cyber23_25/pt/uuid of size: 54
Found file /home/cyber23_25/pt/logs/pt_01.29.2025_10.08.42.321.log of size: 102028
Found file /home/cyber23_25/pt/logs/pt_01.23.2025_09.05.45.465.log of size: 5138
Found file /home/cyber23_25/pt/logs/pt_01.29.2025_09.14.18.584.log of size: 6123
Found file /home/cyber23_25/pt/logs/pt_01.27.2025_09.04.42.462.log of size: 126814
Found file /home/cyber23_25/pt/logs/pt_01.22.2025_09.05.08.147.log of size: 72306
Found file /home/cyber23_25/pt/logs/pt_01.29.2025_10.27.41.035.log of size: 6123
Found file /home/cyber23_25/.xsession-errors of size: 24733
Found file /home/cyber23_25/pt/logs/pt_01.29.2025_11.04.33.326.log of size: 174302
Found file /home/cyber23_25/.node_repl_history of size: 4
Found file /home/cyber23_25/pt/logs/pt_01.27.2025_09.04.43.743.log of size: 5138
Found file /home/cyber23_25/.bashrc of size: 3968
Found file /home/cyber23_25/pt/logs/pt_01.28.2025_12.33.19.206.log of size: 81917
Found file /home/cyber23_25/.sqlite_history of size: 638
Found file /home/cyber23_25/pt/logs/pt_01.28.2025_12.16.50.959.log of size: 83513
Found file /home/cyber23_25/.Xauthority of size: 153
Found file /home/cyber23_25/pt/logs/pt_01.29.2025_11.01.59.753.log of size: 110574
Found file /home/cyber23_25/.packettracer of size: 64
Found file /home/cyber23_25/pt/logs/pt_01.28.2025_09.05.03.275.log of size: 49336
Found file /home/cyber23_25/.bash_logout of size: 220
Found file /home/cyber23_25/pt/logs/pt_01.23.2025_09.05.43.997.log of size: 143250
Found file /home/cyber23_25/.lesshst of size: 20
Found file /home/cyber23_25/pt/logs/pt_01.28.2025_12.37.21.894.log of size: 84760
Found file /home/cyber23_25/.gitconfig of size: 70
Found file /home/cyber23_25/pt/logs/pt_01.29.2025_10.27.39.776.log of size: 120202
Found file /home/cyber23_25/.sudo_as_admin_successful of size: 0
Found file /home/cyber23_25/pt/logs/pt_01.29.2025_10.18.29.133.log of size: 105091
Found file /home/cyber23_25/Esame Progettazione 1.pdf of size: 135714
Found file /home/cyber23_25/pt/logs/pt_01.28.2025_10.18.45.483.log of size: 6778
Found file /home/cyber23_25/.mysql_history of size: 1007
Found file /home/cyber23_25/pt/logs/pt_01.28.2025_10.22.39.761.log of size: 95159
Found file /home/cyber23_25/.viminfo of size: 1029
Found file /home/cyber23_25/pt/logs/pt_01.29.2025_09.14.16.451.log of size: 88607
Found file /home/cyber23_25/.profile of size: 807
Found file /home/cyber23_25/pt/logs/pt_01.28.2025_09.05.04.501.log of size: 5098
Found file /home/cyber23_25/.bash_history of size: 33392
Found file /home/cyber23_25/pt/logs/pt_01.28.2025_10.18.44.053.log of size: 22989
Found file /home/cyber23_25/.gnupg/trustdb.gpg of size: 1200
Found file /home/cyber23_25/pt/logs/pt_01.22.2025_09.05.09.841.log of size: 5138
Found file /home/cyber23_25/.gnupg/pubring.kbx of size: 32
Found file /home/cyber23_25/.local/share/recently-used.xbel of size: 66712
Found file /home/cyber23_25/Immagini/Schermate/Schermata del 2025-01-21 17-47-28.png of size: 59199
Found file /home/cyber23_25/.local/share/session_migration-(null) of size: 184
Found file /home/cyber23_25/Immagini/Schermate/Schermata del 2025-01-21 17-22-59.png of size: 54330
Found file /home/cyber23_25/.local/share/applications/install4j_v5k1r8-Visual_Paradigm_Product_Selector.desktop of size: 336
Found file /home/cyber23_25/Immagini/Schermate/Schermata del 2025-01-21 17-24-41.png of size: 61375
Found file /home/cyber23_25/.local/share/applications/install4j_v5k1r8-Visual_Paradigm.desktop of size: 283
Found file /home/cyber23_25/Immagini/Schermate/Schermata del 2025-01-21 16-27-43.png of size: 55266
Found file /home/cyber23_25/.local/share/applications/install4j_v5k1r8-Visual_Paradigm_Update.desktop of size: 338
Found file /home/cyber23_25/Immagini/Schermate/Schermata del 2025-01-21 15-57-57.png of size: 53190
Found file /home/cyber23_25/.local/share/gvfs-metadata/root of size: 64
Found file /home/cyber23_25/pt/nets of size: 270
Found file /home/cyber23_25/.local/share/gvfs-metadata/home-1ef84f0e.log of size: 32768
Found file /home/cyber23_25/pt/PT.conf.autosave of size: 75
Found file /home/cyber23_25/.local/share/gvfs-metadata/trash: of size: 740
Found file /home/cyber23_25/pt/PT-D899D135.conf of size: 13561
Found file /home/cyber23_25/.local/share/gvfs-metadata/root-fc69ac40.log of size: 32768
Found file /home/cyber23_25/pt/PT.conf of size: 13575
Found file /home/cyber23_25/.local/share/gvfs-metadata/home of size: 4260
Found file /home/cyber23_25/pt/uuid of size: 54
Found file /home/cyber23_25/.local/share/gvfs-metadata/trash:-92ba6ca4.log of size: 32768
Found file /home/cyber23_25/pt/logs/pt_01.29.2025_10.08.42.321.log of size: 102028
Found file /home/cyber23_25/.local/share/gnome-settings-daemon/input-sources-converted of size: 0
Found file /home/cyber23_25/pt/logs/pt_01.23.2025_09.05.45.465.log of size: 5138
Found file /home/cyber23_25/.local/share/flatpak/db/desktop-used-apps of size: 832
Found file /home/cyber23_25/pt/logs/pt_01.29.2025_09.14.18.584.log of size: 6123
Found file /home/cyber23_25/.local/share/evolution/addressbook/system/contacts.db of size: 86016
Found file /home/cyber23_25/pt/logs/pt_01.27.2025_09.04.42.462.log of size: 126814
Found file /home/cyber23_25/.local/share/evolution/calendar/system/calendar.ics of size: 173
Found file /home/cyber23_25/pt/logs/pt_01.22.2025_09.05.08.147.log of size: 72306
Found file /home/cyber23_25/.local/share/evolution/tasks/system/tasks.ics of size: 173
Found file /home/cyber23_25/pt/logs/pt_01.29.2025_10.27.41.035.log of size: 6123
Found file /home/cyber23_25/.local/share/Trash/files/package.json of size: 679
Found file /home/cyber23_25/pt/logs/pt_01.29.2025_11.04.33.326.log of size: 174302
Found file /home/cyber23_25/.local/share/Trash/files/mysite.2.py of size: 8162
Found file /home/cyber23_25/pt/logs/pt_01.27.2025_09.04.43.743.log of size: 5138
Found file /home/cyber23_25/.local/share/Trash/files/cyber-03 copy.ars of size: 3632
Found file /home/cyber23_25/pt/logs/pt_01.28.2025_12.33.19.206.log of size: 81917
Found file /home/cyber23_25/.local/share/Trash/files/page_visits.csv of size: 519049
Found file /home/cyber23_25/pt/logs/pt_01.28.2025_12.16.50.959.log of size: 83513
Found file /home/cyber23_25/.local/share/Trash/files/report_nasa4.txt of size: 8125235
Found file /home/cyber23_25/pt/logs/pt_01.29.2025_11.01.59.753.log of size: 110574
Found file /home/cyber23_25/.local/share/Trash/files/crittografia-seriale.py of size: 1646
Found file /home/cyber23_25/pt/logs/pt_01.28.2025_09.05.03.275.log of size: 49336
Found file /home/cyber23_25/.local/share/Trash/files/test.py of size: 2416
Found file /home/cyber23_25/pt/logs/pt_01.23.2025_09.05.43.997.log of size: 143250
Found file /home/cyber23_25/.local/share/Trash/files/vite.config.js of size: 161
Found file /home/cyber23_25/pt/logs/pt_01.28.2025_12.37.21.894.log of size: 84760
Found file /home/cyber23_25/.local/share/Trash/files/firewall.zip of size: 1183776
Found file /home/cyber23_25/pt/logs/pt_01.29.2025_10.27.39.776.log of size: 120202
Found file /home/cyber23_25/.local/share/Trash/files/http_methods.csv of size: 43
Found file /home/cyber23_25/pt/logs/pt_01.29.2025_10.18.29.133.log of size: 105091
Found file /home/cyber23_25/.local/share/Trash/files/cyber-03.ars of size: 3792
Found file /home/cyber23_25/pt/logs/pt_01.28.2025_10.18.45.483.log of size: 6778
Found file /home/cyber23_25/.local/share/Trash/files/crittografia-seriale.2.py of size: 1649
Found file /home/cyber23_25/pt/logs/pt_01.28.2025_10.22.39.761.log of size: 95159
Found file /home/cyber23_25/.local/share/Trash/files/visits_per_host.csv of size: 1628587
Found file /home/cyber23_25/pt/logs/pt_01.29.2025_09.14.16.451.log of size: 88607
Found file /home/cyber23_25/.local/share/Trash/files/test1.py of size: 5036
Found file /home/cyber23_25/pt/logs/pt_01.28.2025_09.05.04.501.log of size: 5098
Found file /home/cyber23_25/.local/share/Trash/files/full_log_analysis.csv of size: 145029477
Found file /home/cyber23_25/pt/logs/pt_01.28.2025_10.18.44.053.log of size: 22989
Found file /home/cyber23_25/.local/share/Trash/files/persone.json of size: 764
Found file /home/cyber23_25/pt/logs/pt_01.22.2025_09.05.09.841.log of size: 5138
Found file /home/cyber23_25/.local/share/Trash/files/README.md of size: 451
Found file /home/cyber23_25/.local/share/recently-used.xbel of size: 66712
Found file /home/cyber23_25/.local/share/Trash/files/index.2.html of size: 361
Found file /home/cyber23_25/.local/share/session_migration-(null) of size: 184
Found file /home/cyber23_25/.local/share/Trash/files/firewall.2.zip of size: 1183777
Found file /home/cyber23_25/.local/share/applications/install4j_v5k1r8-Visual_Paradigm_Product_Selector.desktop of size: 336
Found file /home/cyber23_25/.local/share/Trash/files/App.jsx of size: 903
Found file /home/cyber23_25/.local/share/applications/install4j_v5k1r8-Visual_Paradigm.desktop of size: 283
Found file /home/cyber23_25/.local/share/Trash/files/Prova.pdf of size: 1261753
Found file /home/cyber23_25/.local/share/applications/install4j_v5k1r8-Visual_Paradigm_Update.desktop of size: 338
Found file /home/cyber23_25/.local/share/Trash/files/register.html of size: 694
Found file /home/cyber23_25/.local/share/gvfs-metadata/root of size: 64
Found file /home/cyber23_25/.local/share/Trash/files/vpn.pkt of size: 59323
Found file /home/cyber23_25/.local/share/gvfs-metadata/home-1ef84f0e.log of size: 32768
Found file /home/cyber23_25/.local/share/Trash/files/package-lock.json of size: 159419
Found file /home/cyber23_25/.local/share/gvfs-metadata/trash: of size: 740
Found file /home/cyber23_25/.local/share/Trash/files/test2.py of size: 9116
Found file /home/cyber23_25/.local/share/gvfs-metadata/root-fc69ac40.log of size: 32768
Found file /home/cyber23_25/.local/share/Trash/files/eslint.config.js of size: 1003
Found file /home/cyber23_25/.local/share/gvfs-metadata/home of size: 4260
Found file /home/cyber23_25/.local/share/Trash/files/cyber-02.ars of size: 3632
Found file /home/cyber23_25/.local/share/gvfs-metadata/trash:-92ba6ca4.log of size: 32768
Found file /home/cyber23_25/.xsession-errors of size: 24733
Found file /home/cyber23_25/.node_repl_history of size: 4
Found file /home/cyber23_25/.bashrc of size: 3968
Found file /home/cyber23_25/.sqlite_history of size: 638
Found file /home/cyber23_25/.xsession-errors of size: 24733
Found file /home/cyber23_25/.xsession-errors of size: 24733
Found file /home/cyber23_25/.node_repl_history of size: 4
Found file /home/cyber23_25/.node_repl_history of size: 4
Found file /home/cyber23_25/.bashrc of size: 3968
Found file /home/cyber23_25/.bashrc of size: 3968
Found file /home/cyber23_25/.sqlite_history of size: 638
Found file /home/cyber23_25/.sqlite_history of size: 638
Found file /home/cyber23_25/.Xauthority of size: 153
Found file /home/cyber23_25/.Xauthority of size: 153
Found file /home/cyber23_25/.packettracer of size: 64
Found file /home/cyber23_25/.packettracer of size: 64
Found file /home/cyber23_25/.bash_logout of size: 220
Found file /home/cyber23_25/.bash_logout of size: 220
Found file /home/cyber23_25/.lesshst of size: 20
Found file /home/cyber23_25/.lesshst of size: 20
Found file /home/cyber23_25/.gitconfig of size: 70
Found file /home/cyber23_25/.gitconfig of size: 70
Found file /home/cyber23_25/.sudo_as_admin_successful of size: 0
Found file /home/cyber23_25/.sudo_as_admin_successful of size: 0
Found file /home/cyber23_25/Esame Progettazione 1.pdf of size: 135714
Found file /home/cyber23_25/Esame Progettazione 1.pdf of size: 135714
Found file /home/cyber23_25/.mysql_history of size: 1007
Found file /home/cyber23_25/.mysql_history of size: 1007
Found file /home/cyber23_25/.viminfo of size: 1029
Found file /home/cyber23_25/.viminfo of size: 1029
Found file /home/cyber23_25/.profile of size: 807
Found file /home/cyber23_25/.profile of size: 807
Found file /home/cyber23_25/.bash_history of size: 33392
Found file /home/cyber23_25/.xsession-errors of size: 24733
Found file /home/cyber23_25/.node_repl_history of size: 4
Found file /home/cyber23_25/.xsession-errors of size: 24733
Found file /home/cyber23_25/.bashrc of size: 3968
Found file /home/cyber23_25/.node_repl_history of size: 4
Found file /home/cyber23_25/.sqlite_history of size: 638
Found file /home/cyber23_25/.bashrc of size: 3968
Found file /home/cyber23_25/.Xauthority of size: 153
Found file /home/cyber23_25/.xsession-errors of size: 24733
Found file /home/cyber23_25/.xsession-errors of size: 24733
Found file /home/cyber23_25/.node_repl_history of size: 4
Found file /home/cyber23_25/.node_repl_history of size: 4
Found file /home/cyber23_25/.bashrc of size: 3968
Found file /home/cyber23_25/.bashrc of size: 3968
Found file /home/cyber23_25/.sqlite_history of size: 638
Found file /home/cyber23_25/.sqlite_history of size: 638
Found file /home/cyber23_25/.Xauthority of size: 153
Found file /home/cyber23_25/.Xauthority of size: 153
Found file /home/cyber23_25/.packettracer of size: 64
Found file /home/cyber23_25/.bash_logout of size: 220
Found file /home/cyber23_25/.xsession-errors of size: 24733
Found file /home/cyber23_25/.node_repl_history of size: 4
Found file /home/cyber23_25/.bashrc of size: 3968
Found file /home/cyber23_25/.sqlite_history of size: 638
Found file /home/cyber23_25/.Xauthority of size: 153
Found file /home/cyber23_25/.packettracer of size: 64
Found file /home/cyber23_25/.bash_logout of size: 220
Found file /home/cyber23_25/.xsession-errors of size: 24733
Found file /home/cyber23_25/.node_repl_history of size: 4
Found file /home/cyber23_25/.bashrc of size: 3968
